<?xml version="1.0" encoding="UTF-8"?>
<testsuite name="controllers.MainControllerTest" tests="1" skipped="0" failures="0" errors="0" timestamp="2017-06-12T16:32:13" hostname="Vuclip.local" time="0.0">
  <properties/>
  <testcase name="shouldReturnTrueIfAdminCredentialsAreValid" classname="controllers.MainControllerTest" time="0.0"/>
  <system-out><![CDATA[]]></system-out>
  <system-err><![CDATA[]]></system-err>
</testsuite>
