<?xml version="1.0" encoding="UTF-8"?>
<testsuite name="controllers.MainControllerTest" tests="1" skipped="0" failures="0" errors="0" timestamp="2017-06-10T17:32:35" hostname="Vuclip.local" time="0.001">
  <properties/>
  <testcase name="shouldReturnTrueIfAdminCredentialsAreValid" classname="controllers.MainControllerTest" time="0.001"/>
  <system-out><![CDATA[]]></system-out>
  <system-err><![CDATA[]]></system-err>
</testsuite>
